{"C:\\mern-developer\\nodejs-microservice-kafka\\catalog-service\\src\\repository\\catalog.repository.ts": {"path":"C:\\mern-developer\\nodejs-microservice-kafka\\catalog-service\\src\\repository\\catalog.repository.ts","all":false,"statementMap":{"0":{"start":{"line":1,"column":0},"end":{"line":1,"column":78}},"1":{"start":{"line":2,"column":0},"end":{"line":2,"column":50}},"2":{"start":{"line":3,"column":0},"end":{"line":3,"column":0}},"3":{"start":{"line":4,"column":0},"end":{"line":4,"column":0}},"4":{"start":{"line":5,"column":0},"end":{"line":5,"column":61}},"5":{"start":{"line":6,"column":0},"end":{"line":6,"column":45}},"6":{"start":{"line":7,"column":0},"end":{"line":7,"column":51}},"7":{"start":{"line":8,"column":0},"end":{"line":8,"column":5}},"8":{"start":{"line":9,"column":0},"end":{"line":9,"column":40}},"9":{"start":{"line":10,"column":0},"end":{"line":10,"column":51}},"10":{"start":{"line":11,"column":0},"end":{"line":11,"column":5}},"11":{"start":{"line":12,"column":0},"end":{"line":12,"column":27}},"12":{"start":{"line":13,"column":0},"end":{"line":13,"column":51}},"13":{"start":{"line":14,"column":0},"end":{"line":14,"column":5}},"14":{"start":{"line":15,"column":0},"end":{"line":15,"column":32}},"15":{"start":{"line":16,"column":0},"end":{"line":16,"column":51}},"16":{"start":{"line":17,"column":0},"end":{"line":17,"column":5}},"17":{"start":{"line":18,"column":0},"end":{"line":18,"column":43}},"18":{"start":{"line":19,"column":0},"end":{"line":19,"column":51}},"19":{"start":{"line":20,"column":0},"end":{"line":20,"column":5}},"20":{"start":{"line":21,"column":0},"end":{"line":21,"column":0}},"21":{"start":{"line":22,"column":0},"end":{"line":22,"column":1}}},"s":{"0":1,"1":1,"2":1,"3":1,"4":1,"5":1,"6":1,"7":1,"8":1,"9":0,"10":0,"11":1,"12":0,"13":0,"14":1,"15":0,"16":0,"17":1,"18":0,"19":0,"20":1,"21":1},"branchMap":{"0":{"type":"branch","line":6,"loc":{"start":{"line":6,"column":4},"end":{"line":8,"column":5}},"locations":[{"start":{"line":6,"column":4},"end":{"line":8,"column":5}}]}},"b":{"0":[1]},"fnMap":{"0":{"name":"create","decl":{"start":{"line":6,"column":4},"end":{"line":8,"column":5}},"loc":{"start":{"line":6,"column":4},"end":{"line":8,"column":5}},"line":6},"1":{"name":"update","decl":{"start":{"line":9,"column":4},"end":{"line":11,"column":5}},"loc":{"start":{"line":9,"column":4},"end":{"line":11,"column":5}},"line":9},"2":{"name":"delete","decl":{"start":{"line":12,"column":4},"end":{"line":14,"column":5}},"loc":{"start":{"line":12,"column":4},"end":{"line":14,"column":5}},"line":12},"3":{"name":"find","decl":{"start":{"line":15,"column":4},"end":{"line":17,"column":5}},"loc":{"start":{"line":15,"column":4},"end":{"line":17,"column":5}},"line":15},"4":{"name":"findOne","decl":{"start":{"line":18,"column":4},"end":{"line":20,"column":5}},"loc":{"start":{"line":18,"column":4},"end":{"line":20,"column":5}},"line":18}},"f":{"0":1,"1":0,"2":0,"3":0,"4":0}}
,"C:\\mern-developer\\nodejs-microservice-kafka\\catalog-service\\src\\services\\catalog.service.ts": {"path":"C:\\mern-developer\\nodejs-microservice-kafka\\catalog-service\\src\\services\\catalog.service.ts","all":false,"statementMap":{"0":{"start":{"line":1,"column":0},"end":{"line":1,"column":78}},"1":{"start":{"line":2,"column":0},"end":{"line":2,"column":0}},"2":{"start":{"line":3,"column":0},"end":{"line":3,"column":28}},"3":{"start":{"line":4,"column":0},"end":{"line":4,"column":0}},"4":{"start":{"line":5,"column":0},"end":{"line":5,"column":42}},"5":{"start":{"line":6,"column":0},"end":{"line":6,"column":0}},"6":{"start":{"line":7,"column":0},"end":{"line":7,"column":47}},"7":{"start":{"line":8,"column":0},"end":{"line":8,"column":0}},"8":{"start":{"line":9,"column":0},"end":{"line":9,"column":35}},"9":{"start":{"line":10,"column":0},"end":{"line":10,"column":0}},"10":{"start":{"line":11,"column":0},"end":{"line":11,"column":5}},"11":{"start":{"line":12,"column":0},"end":{"line":12,"column":0}},"12":{"start":{"line":13,"column":0},"end":{"line":13,"column":35}},"13":{"start":{"line":14,"column":0},"end":{"line":14,"column":51}},"14":{"start":{"line":15,"column":0},"end":{"line":15,"column":20}},"15":{"start":{"line":16,"column":0},"end":{"line":16,"column":5}},"16":{"start":{"line":17,"column":0},"end":{"line":17,"column":30}},"17":{"start":{"line":18,"column":0},"end":{"line":18,"column":45}},"18":{"start":{"line":19,"column":0},"end":{"line":19,"column":27}},"19":{"start":{"line":20,"column":0},"end":{"line":20,"column":30}},"20":{"start":{"line":21,"column":0},"end":{"line":21,"column":1}}},"s":{"0":1,"1":1,"2":1,"3":1,"4":1,"5":1,"6":1,"7":1,"8":1,"9":1,"10":1,"11":1,"12":1,"13":1,"14":1,"15":1,"16":1,"17":1,"18":1,"19":1,"20":1},"branchMap":{"0":{"type":"branch","line":7,"loc":{"start":{"line":7,"column":4},"end":{"line":11,"column":5}},"locations":[{"start":{"line":7,"column":4},"end":{"line":11,"column":5}}]},"1":{"type":"branch","line":13,"loc":{"start":{"line":13,"column":10},"end":{"line":16,"column":5}},"locations":[{"start":{"line":13,"column":10},"end":{"line":16,"column":5}}]}},"b":{"0":[1],"1":[1]},"fnMap":{"0":{"name":"CatalogService","decl":{"start":{"line":7,"column":4},"end":{"line":11,"column":5}},"loc":{"start":{"line":7,"column":4},"end":{"line":11,"column":5}},"line":7},"1":{"name":"createProduct","decl":{"start":{"line":13,"column":10},"end":{"line":16,"column":5}},"loc":{"start":{"line":13,"column":10},"end":{"line":16,"column":5}},"line":13},"2":{"name":"updateProduct","decl":{"start":{"line":17,"column":4},"end":{"line":17,"column":30}},"loc":{"start":{"line":17,"column":4},"end":{"line":17,"column":30}},"line":17},"3":{"name":"getProducts","decl":{"start":{"line":18,"column":4},"end":{"line":18,"column":45}},"loc":{"start":{"line":18,"column":4},"end":{"line":18,"column":45}},"line":18},"4":{"name":"getProduct","decl":{"start":{"line":19,"column":4},"end":{"line":19,"column":27}},"loc":{"start":{"line":19,"column":4},"end":{"line":19,"column":27}},"line":19},"5":{"name":"deleteProduct","decl":{"start":{"line":20,"column":4},"end":{"line":20,"column":30}},"loc":{"start":{"line":20,"column":4},"end":{"line":20,"column":30}},"line":20}},"f":{"0":1,"1":1,"2":0,"3":0,"4":0,"5":0}}
}
