TN:
SF:src\api\catalog.routes.ts
FNF:0
FNH:0
DA:1,1
DA:2,1
DA:3,1
DA:4,1
DA:5,1
DA:6,1
DA:7,1
DA:8,1
DA:9,1
DA:10,1
DA:11,1
DA:12,3
DA:13,3
DA:14,3
DA:15,3
DA:16,3
DA:17,3
DA:18,2
DA:19,2
DA:20,1
DA:21,1
DA:22,1
DA:23,1
DA:24,1
DA:25,1
DA:26,1
DA:27,3
DA:28,1
DA:29,1
LF:29
LH:29
BRDA:11,0,0,3
BRDA:11,1,0,3
BRDA:17,2,0,1
BRDA:18,3,0,2
BRDA:20,4,0,1
BRF:5
BRH:5
end_of_record
TN:
SF:src\dto\product.dto.ts
FNF:0
FNH:0
DA:1,1
DA:2,1
DA:3,1
DA:4,1
DA:5,1
DA:6,1
DA:7,1
DA:8,1
DA:9,1
DA:10,1
DA:11,1
DA:12,1
DA:13,1
DA:14,1
DA:15,1
DA:16,1
DA:17,1
LF:17
LH:17
BRF:0
BRH:0
end_of_record
TN:
SF:src\repository\catalog.repository.ts
FN:6,create
FN:9,update
FN:12,delete
FN:15,find
FN:18,findOne
FNF:5
FNH:0
FNDA:0,create
FNDA:0,update
FNDA:0,delete
FNDA:0,find
FNDA:0,findOne
DA:1,1
DA:2,1
DA:3,1
DA:4,1
DA:5,1
DA:6,1
DA:7,0
DA:8,0
DA:9,1
DA:10,0
DA:11,0
DA:12,1
DA:13,0
DA:14,0
DA:15,1
DA:16,0
DA:17,0
DA:18,1
DA:19,0
DA:20,0
DA:21,1
DA:22,1
LF:22
LH:12
BRF:0
BRH:0
end_of_record
TN:
SF:src\services\catalog.service.ts
FN:7,CatalogService
FN:13,createProduct
FN:21,updateProduct
FN:28,getProducts
FN:33,getProduct
FN:38,deleteProduct
FNF:6
FNH:1
FNDA:1,CatalogService
FNDA:0,createProduct
FNDA:0,updateProduct
FNDA:0,getProducts
FNDA:0,getProduct
FNDA:0,deleteProduct
DA:1,1
DA:2,1
DA:3,1
DA:4,1
DA:5,1
DA:6,1
DA:7,1
DA:8,1
DA:9,1
DA:10,1
DA:11,1
DA:12,1
DA:13,1
DA:14,0
DA:15,0
DA:16,0
DA:17,0
DA:18,0
DA:19,0
DA:20,1
DA:21,1
DA:22,0
DA:23,0
DA:24,0
DA:25,0
DA:26,1
DA:27,1
DA:28,1
DA:29,0
DA:30,0
DA:31,0
DA:32,0
DA:33,1
DA:34,0
DA:35,0
DA:36,0
DA:37,1
DA:38,1
DA:39,0
DA:40,0
DA:41,0
DA:42,0
DA:43,1
LF:43
LH:22
BRDA:7,0,0,1
BRF:1
BRH:1
end_of_record
TN:
SF:src\utils\requestValidator.ts
FN:4,validationError
FN:17,RequestValidator
FNF:2
FNH:2
FNDA:3,validationError
FNDA:3,RequestValidator
DA:1,1
DA:2,1
DA:3,1
DA:4,1
DA:5,3
DA:6,3
DA:7,3
DA:8,3
DA:9,3
DA:10,1
DA:11,1
DA:12,2
DA:13,2
DA:14,2
DA:15,1
DA:16,1
DA:17,1
DA:18,3
DA:19,3
DA:20,3
DA:21,3
DA:22,3
DA:23,3
DA:24,3
DA:25,3
DA:26,1
DA:27,1
DA:28,1
DA:29,1
DA:30,1
DA:31,1
DA:32,1
DA:33,1
DA:34,2
DA:35,2
DA:36,2
LF:36
LH:36
BRDA:4,0,0,3
BRDA:4,1,0,3
BRDA:9,2,0,1
BRDA:12,3,0,2
BRDA:17,4,0,3
BRDA:20,5,0,3
BRDA:25,6,0,1
BRDA:34,7,0,2
BRDA:27,8,0,1
BRF:9
BRH:9
end_of_record
TN:
SF:src\utils\fixtures\index.ts
FNF:0
FNH:0
DA:1,1
DA:2,1
DA:3,1
DA:4,1
DA:5,1
DA:6,1
DA:7,1
DA:8,1
DA:9,1
DA:10,1
LF:10
LH:10
BRF:0
BRH:0
end_of_record
